<?xml version="1.0" encoding="UTF-8"?>
<testsuite name="User Authentication - Firefox" tests="3" time="7.303" failures="2" errors="0" skipped="0">
  <testcase name="User Authentication - Firefox Login with valid user and password" time="1.729">
  </testcase>
  <testcase name="User Authentication - Firefox Login with invalid user and invalid password" time="0.801">
    <failure type="RSpec::Expectations::ExpectationNotMetError" message="expected not: == &quot;App&quot;...">
expected not: == "App"
         got:    "App" (RSpec::Expectations::ExpectationNotMetError)
expected not: == "App"
         got:    "App"
     C:/Ruby200/lib/ruby/gems/2.0.0/gems/rspec-expectations-3.0.0.beta1/lib/rspec/expectations/fail_with.rb:32:in `fail_with'
     C:/Ruby200/lib/ruby/gems/2.0.0/gems/rspec-expectations-3.0.0.beta1/lib/rspec/matchers/operator_matcher.rb:56:in `fail_with_message'
     C:/Ruby200/lib/ruby/gems/2.0.0/gems/rspec-expectations-3.0.0.beta1/lib/rspec/matchers/operator_matcher.rb:94:in `__delegate_operator'
     C:/Ruby200/lib/ruby/gems/2.0.0/gems/rspec-expectations-3.0.0.beta1/lib/rspec/matchers/operator_matcher.rb:74:in `eval_match'
     C:/Ruby200/lib/ruby/gems/2.0.0/gems/rspec-expectations-3.0.0.beta1/lib/rspec/matchers/operator_matcher.rb:37:in `block in use_custom_matcher_or_delegate'
     ./spec/login_grid__firefox_spec.rb:50:in `block (2 levels) in &lt;top (required)&gt;'
     C:/Ruby200/lib/ruby/gems/2.0.0/gems/rspec-core-3.0.0.beta1/lib/rspec/core/example.rb:114:in `instance_exec'
     C:/Ruby200/lib/ruby/gems/2.0.0/gems/rspec-core-3.0.0.beta1/lib/rspec/core/example.rb:114:in `block in run'
     C:/Ruby200/lib/ruby/gems/2.0.0/gems/rspec-core-3.0.0.beta1/lib/rspec/core/example.rb:241:in `with_around_each_hooks'
     C:/Ruby200/lib/ruby/gems/2.0.0/gems/rspec-core-3.0.0.beta1/lib/rspec/core/example.rb:111:in `run'
     C:/Ruby200/lib/ruby/gems/2.0.0/gems/rspec-core-3.0.0.beta1/lib/rspec/core/example_group.rb:416:in `block in run_examples'
     C:/Ruby200/lib/ruby/gems/2.0.0/gems/rspec-core-3.0.0.beta1/lib/rspec/core/example_group.rb:412:in `map'
     C:/Ruby200/lib/ruby/gems/2.0.0/gems/rspec-core-3.0.0.beta1/lib/rspec/core/example_group.rb:412:in `run_examples'
     C:/Ruby200/lib/ruby/gems/2.0.0/gems/rspec-core-3.0.0.beta1/lib/rspec/core/example_group.rb:381:in `run'
     C:/Ruby200/lib/ruby/gems/2.0.0/gems/rspec-core-3.0.0.beta1/lib/rspec/core/command_line.rb:28:in `block (2 levels) in run'
     C:/Ruby200/lib/ruby/gems/2.0.0/gems/rspec-core-3.0.0.beta1/lib/rspec/core/command_line.rb:28:in `map'
     C:/Ruby200/lib/ruby/gems/2.0.0/gems/rspec-core-3.0.0.beta1/lib/rspec/core/command_line.rb:28:in `block in run'
     C:/Ruby200/lib/ruby/gems/2.0.0/gems/rspec-core-3.0.0.beta1/lib/rspec/core/reporter.rb:53:in `report'
     C:/Ruby200/lib/ruby/gems/2.0.0/gems/rspec-core-3.0.0.beta1/lib/rspec/core/command_line.rb:25:in `run'
     C:/Ruby200/lib/ruby/gems/2.0.0/gems/rspec-core-3.0.0.beta1/lib/rspec/core/runner.rb:90:in `run'
     C:/Ruby200/lib/ruby/gems/2.0.0/gems/rspec-core-3.0.0.beta1/lib/rspec/core/runner.rb:17:in `block in autorun'    </failure>
  </testcase>
  <testcase name="User Authentication - Firefox Login with valid user and invalid password" time="0.789">
    <failure type="RSpec::Expectations::ExpectationNotMetError" message="expected not: == &quot;App&quot;...">
expected not: == "App"
         got:    "App" (RSpec::Expectations::ExpectationNotMetError)
expected not: == "App"
         got:    "App"
     C:/Ruby200/lib/ruby/gems/2.0.0/gems/rspec-expectations-3.0.0.beta1/lib/rspec/expectations/fail_with.rb:32:in `fail_with'
     C:/Ruby200/lib/ruby/gems/2.0.0/gems/rspec-expectations-3.0.0.beta1/lib/rspec/matchers/operator_matcher.rb:56:in `fail_with_message'
     C:/Ruby200/lib/ruby/gems/2.0.0/gems/rspec-expectations-3.0.0.beta1/lib/rspec/matchers/operator_matcher.rb:94:in `__delegate_operator'
     C:/Ruby200/lib/ruby/gems/2.0.0/gems/rspec-expectations-3.0.0.beta1/lib/rspec/matchers/operator_matcher.rb:74:in `eval_match'
     C:/Ruby200/lib/ruby/gems/2.0.0/gems/rspec-expectations-3.0.0.beta1/lib/rspec/matchers/operator_matcher.rb:37:in `block in use_custom_matcher_or_delegate'
     ./spec/login_grid__firefox_spec.rb:55:in `block (2 levels) in &lt;top (required)&gt;'
     C:/Ruby200/lib/ruby/gems/2.0.0/gems/rspec-core-3.0.0.beta1/lib/rspec/core/example.rb:114:in `instance_exec'
     C:/Ruby200/lib/ruby/gems/2.0.0/gems/rspec-core-3.0.0.beta1/lib/rspec/core/example.rb:114:in `block in run'
     C:/Ruby200/lib/ruby/gems/2.0.0/gems/rspec-core-3.0.0.beta1/lib/rspec/core/example.rb:241:in `with_around_each_hooks'
     C:/Ruby200/lib/ruby/gems/2.0.0/gems/rspec-core-3.0.0.beta1/lib/rspec/core/example.rb:111:in `run'
     C:/Ruby200/lib/ruby/gems/2.0.0/gems/rspec-core-3.0.0.beta1/lib/rspec/core/example_group.rb:416:in `block in run_examples'
     C:/Ruby200/lib/ruby/gems/2.0.0/gems/rspec-core-3.0.0.beta1/lib/rspec/core/example_group.rb:412:in `map'
     C:/Ruby200/lib/ruby/gems/2.0.0/gems/rspec-core-3.0.0.beta1/lib/rspec/core/example_group.rb:412:in `run_examples'
     C:/Ruby200/lib/ruby/gems/2.0.0/gems/rspec-core-3.0.0.beta1/lib/rspec/core/example_group.rb:381:in `run'
     C:/Ruby200/lib/ruby/gems/2.0.0/gems/rspec-core-3.0.0.beta1/lib/rspec/core/command_line.rb:28:in `block (2 levels) in run'
     C:/Ruby200/lib/ruby/gems/2.0.0/gems/rspec-core-3.0.0.beta1/lib/rspec/core/command_line.rb:28:in `map'
     C:/Ruby200/lib/ruby/gems/2.0.0/gems/rspec-core-3.0.0.beta1/lib/rspec/core/command_line.rb:28:in `block in run'
     C:/Ruby200/lib/ruby/gems/2.0.0/gems/rspec-core-3.0.0.beta1/lib/rspec/core/reporter.rb:53:in `report'
     C:/Ruby200/lib/ruby/gems/2.0.0/gems/rspec-core-3.0.0.beta1/lib/rspec/core/command_line.rb:25:in `run'
     C:/Ruby200/lib/ruby/gems/2.0.0/gems/rspec-core-3.0.0.beta1/lib/rspec/core/runner.rb:90:in `run'
     C:/Ruby200/lib/ruby/gems/2.0.0/gems/rspec-core-3.0.0.beta1/lib/rspec/core/runner.rb:17:in `block in autorun'    </failure>
  </testcase>
  <system-out>
764022

current URL =&gt; http://localhost:8080/764022#/page:Home
  </system-out>
  <system-err>
  </system-err>
</testsuite>
